\BOOKMARK [0][-]{chapter.1}{\376\377\000I\000n\000t\000r\000o\000d\000u\000c\000c\000i\000\363\000n}{}% 1
\BOOKMARK [1][-]{section.1.1}{\376\377\000M\000o\000t\000i\000v\000a\000c\000i\000\363\000n\000\040\000y\000\040\000o\000b\000j\000e\000t\000i\000v\000o\000s\000\040\000d\000e\000l\000\040\000t\000r\000a\000b\000a\000j\000o}{chapter.1}% 2
\BOOKMARK [1][-]{section.1.2}{\376\377\000C\000o\000n\000t\000e\000x\000t\000o\000\040\000y\000\040\000a\000n\000t\000e\000c\000e\000d\000e\000n\000t\000e\000s\000\040\000d\000e\000l\000\040\000t\000r\000a\000b\000a\000j\000o}{chapter.1}% 3
\BOOKMARK [2][-]{subsection.1.2.1}{\376\377\000R\000e\000d\000e\000s\000\040\000n\000e\000u\000r\000o\000n\000a\000l\000e\000s}{section.1.2}% 4
\BOOKMARK [2][-]{subsection.1.2.2}{\376\377\000I\000m\000p\000o\000r\000t\000a\000n\000c\000i\000a\000\040\000d\000e\000\040\000l\000a\000\040\000d\000e\000t\000e\000c\000c\000i\000\363\000n\000\040\000y\000\040\000p\000r\000e\000v\000e\000n\000c\000i\000\363\000n\000\040\000d\000e\000\040\000a\000t\000a\000q\000u\000e\000s}{section.1.2}% 5
\BOOKMARK [2][-]{subsection.1.2.3}{\376\377\000E\000v\000o\000l\000u\000c\000i\000\363\000n\000\040\000d\000e\000\040\000l\000a\000s\000\040\000a\000m\000e\000n\000a\000z\000a\000s\000\040\000c\000i\000b\000e\000r\000n\000\351\000t\000i\000c\000a\000s}{section.1.2}% 6
\BOOKMARK [2][-]{subsection.1.2.4}{\376\377\000A\000v\000a\000n\000c\000e\000s\000\040\000e\000n\000\040\000e\000l\000\040\000a\000p\000r\000e\000n\000d\000i\000z\000a\000j\000e\000\040\000a\000u\000t\000o\000m\000\341\000t\000i\000c\000o\000\040\000p\000a\000r\000a\000\040\000c\000i\000b\000e\000r\000s\000e\000g\000u\000r\000i\000d\000a\000d}{section.1.2}% 7
\BOOKMARK [1][-]{section.1.3}{\376\377\000M\000e\000t\000o\000d\000o\000l\000o\000g\000\355\000a}{chapter.1}% 8
\BOOKMARK [1][-]{section.1.4}{\376\377\000E\000s\000t\000r\000u\000c\000t\000u\000r\000a\000\040\000d\000e\000\040\000l\000a\000\040\000m\000e\000m\000o\000r\000i\000a}{chapter.1}% 9
\BOOKMARK [0][-]{chapter.2}{\376\377\000F\000u\000n\000d\000a\000m\000e\000n\000t\000o\000s\000\040\000d\000e\000\040\000l\000a\000s\000\040\000r\000e\000d\000e\000s\000\040\000n\000e\000u\000r\000o\000n\000a\000l\000e\000s}{}% 10
\BOOKMARK [1][-]{section.2.1}{\376\377\000R\000e\000v\000i\000s\000i\000\363\000n\000\040\000t\000e\000\363\000r\000i\000c\000a}{chapter.2}% 11
\BOOKMARK [1][-]{section.2.2}{\376\377\000A\000r\000q\000u\000i\000t\000e\000c\000t\000u\000r\000a\000s\000\040\000r\000e\000l\000e\000v\000a\000n\000t\000e\000s}{chapter.2}% 12
\BOOKMARK [2][-]{subsection.2.2.1}{\376\377\000A\000u\000t\000o\000e\000n\000c\000o\000d\000e\000r}{section.2.2}% 13
\BOOKMARK [2][-]{subsection.2.2.2}{\376\377\000D\000e\000e\000p\000\040\000B\000e\000l\000i\000e\000f\000\040\000N\000e\000t\000w\000o\000r\000k\000s}{section.2.2}% 14
\BOOKMARK [2][-]{subsection.2.2.3}{\376\377\000R\000e\000d\000\040\000N\000e\000u\000r\000o\000n\000a\000l\000\040\000C\000o\000n\000v\000o\000l\000u\000c\000i\000o\000n\000a\000l}{section.2.2}% 15
\BOOKMARK [2][-]{subsection.2.2.4}{\376\377\000R\000e\000d\000\040\000N\000e\000u\000r\000o\000n\000a\000l\000\040\000R\000e\000c\000u\000r\000r\000e\000n\000t\000e}{section.2.2}% 16
\BOOKMARK [1][-]{section.2.3}{\376\377\000B\000i\000b\000l\000i\000o\000t\000e\000c\000a\000s\000\040\000u\000t\000i\000l\000i\000z\000a\000d\000a\000s\000\040\000e\000n\000\040\000P\000y\000t\000h\000o\000n}{chapter.2}% 17
\BOOKMARK [2][-]{subsection.2.3.1}{\376\377\000P\000r\000i\000n\000c\000i\000p\000a\000l\000e\000s\000\040\000f\000r\000a\000m\000e\000w\000o\000r\000k\000s\000.\000\040\000K\000e\000r\000a\000s}{section.2.3}% 18
\BOOKMARK [2][-]{subsection.2.3.2}{\376\377\000L\000i\000b\000r\000e\000r\000\355\000a\000s\000\040\000y\000\040\000h\000e\000r\000r\000a\000m\000i\000e\000n\000t\000a\000s\000\040\000e\000s\000e\000n\000c\000i\000a\000l\000e\000s\000.}{section.2.3}% 19
\BOOKMARK [0][-]{chapter.3}{\376\377\000C\000l\000a\000s\000i\000f\000i\000c\000a\000c\000i\000\363\000n\000\040\000d\000e\000\040\000M\000a\000l\000w\000a\000r\000e}{}% 20
\BOOKMARK [1][-]{section.3.1}{\376\377\000M\000i\000c\000r\000o\000s\000o\000f\000t\000\040\000M\000a\000l\000w\000a\000r\000e\000\040\000C\000l\000a\000s\000s\000i\000f\000i\000c\000a\000t\000i\000o\000n\000\040\000C\000h\000a\000l\000l\000e\000n\000g\000e}{chapter.3}% 21
\BOOKMARK [2][-]{subsection.3.1.1}{\376\377\000D\000i\000s\000t\000r\000i\000b\000u\000c\000i\000\363\000n\000\040\000d\000e\000l\000\040\000d\000a\000t\000a\000s\000e\000t}{section.3.1}% 22
\BOOKMARK [1][-]{section.3.2}{\376\377\000R\000e\000d\000\040\000N\000e\000u\000r\000o\000n\000a\000l\000\040\000C\000o\000n\000v\000o\000l\000u\000c\000i\000o\000n\000a\000l}{chapter.3}% 23
\BOOKMARK [2][-]{subsection.3.2.1}{\376\377\000G\000P\000U\000\040\000\050\000U\000n\000i\000d\000a\000d\000\040\000d\000e\000\040\000P\000r\000o\000c\000e\000s\000a\000m\000i\000e\000n\000t\000o\000\040\000G\000r\000\341\000f\000i\000c\000o\000\051}{section.3.2}% 24
\BOOKMARK [2][-]{subsection.3.2.2}{\376\377\000C\000P\000U\000\040\000\050\000U\000n\000i\000d\000a\000d\000\040\000C\000e\000n\000t\000r\000a\000l\000\040\000d\000e\000\040\000P\000r\000o\000c\000e\000s\000a\000m\000i\000e\000n\000t\000o\000\051}{section.3.2}% 25
\BOOKMARK [1][-]{section.3.3}{\376\377\000A\000u\000t\000o\000e\000n\000c\000o\000d\000e\000r}{chapter.3}% 26
\BOOKMARK [1][-]{section.3.4}{\376\377\000R\000e\000s\000u\000l\000t\000a\000d\000o\000s}{chapter.3}% 27
\BOOKMARK [0][-]{chapter.4}{\376\377\000D\000e\000t\000e\000c\000c\000i\000\363\000n\000\040\000d\000e\000\040\000i\000n\000t\000r\000u\000s\000i\000o\000n\000e\000s}{}% 28
\BOOKMARK [1][-]{section.4.1}{\376\377\000K\000D\000D\000\040\000C\000u\000p\000\040\0001\0009\0009\0009}{chapter.4}% 29
\BOOKMARK [1][-]{section.4.2}{\376\377\000A\000u\000t\000o\000e\000n\000c\000o\000d\000e\000r}{chapter.4}% 30
\BOOKMARK [1][-]{section.4.3}{\376\377\000R\000e\000d\000\040\000N\000e\000u\000r\000o\000n\000a\000l\000\040\000C\000o\000n\000v\000o\000l\000u\000c\000i\000o\000n\000a\000l}{chapter.4}% 31
\BOOKMARK [1][-]{section.4.4}{\376\377\000R\000e\000d\000\040\000N\000e\000u\000r\000o\000n\000a\000l\000\040\000P\000r\000o\000f\000u\000n\000d\000a}{chapter.4}% 32
\BOOKMARK [1][-]{section.4.5}{\376\377\000R\000e\000d\000\040\000N\000e\000u\000r\000o\000n\000a\000l\000\040\000R\000e\000c\000u\000r\000r\000e\000n\000t\000e}{chapter.4}% 33
\BOOKMARK [1][-]{section.4.6}{\376\377\000R\000e\000s\000t\000r\000i\000c\000t\000e\000d\000\040\000B\000o\000l\000t\000z\000m\000a\000n\000n\000\040\000M\000a\000c\000h\000i\000n\000e}{chapter.4}% 34
\BOOKMARK [1][-]{section.4.7}{\376\377\000R\000e\000s\000u\000l\000t\000a\000d\000o\000s}{chapter.4}% 35
\BOOKMARK [0][-]{chapter.5}{\376\377\000C\000o\000n\000c\000l\000u\000s\000i\000o\000n\000e\000s\000\040\000y\000\040\000T\000r\000a\000b\000a\000j\000o\000\040\000F\000u\000t\000u\000r\000o}{}% 36
\BOOKMARK [1][-]{section.5.1}{\376\377\000C\000o\000n\000c\000l\000u\000s\000i\000o\000n\000e\000s}{chapter.5}% 37
\BOOKMARK [1][-]{section.5.2}{\376\377\000T\000r\000a\000b\000a\000j\000o\000\040\000f\000u\000t\000u\000r\000o}{chapter.5}% 38
\BOOKMARK [0][-]{chapter*.22}{\376\377\000B\000i\000b\000l\000i\000o\000g\000r\000a\000f\000\355\000a}{}% 39
\BOOKMARK [1][-]{section.Alph0.1}{\376\377\000A\000n\000e\000x\000o\000\040\000A}{chapter*.22}% 40
